<?xml version="1.0" encoding="UTF-8"?>
<!-- Generated by org.testng.reporters.JUnitReportReporter -->
<testsuite hostname="Raju" failures="0" tests="4" name="day17.OrangeHRMTest" time="9.001" errors="0" timestamp="2025-08-25T17:06:27 IST" skipped="0">
  <testcase classname="day17.OrangeHRMTest" name="openapp" time="8.487"/>
  <testcase classname="day17.OrangeHRMTest" name="testLogo" time="0.037"/>
  <testcase classname="day17.OrangeHRMTest" name="testLogin" time="0.222"/>
  <testcase classname="day17.OrangeHRMTest" name="closeapp" time="0.255"/>
</testsuite> <!-- day17.OrangeHRMTest -->
