<?xml version="1.0" encoding="UTF-8"?>
<!-- Generated by org.testng.reporters.JUnitReportReporter -->
<testsuite hostname="Raju" failures="0" tests="2" name="day17.AnnotationDemo2" time="0.015" errors="0" timestamp="2025-08-26T05:00:02 IST" skipped="0">
  <testcase classname="day17.AnnotationDemo2" name="Search" time="0.012"/>
  <testcase classname="day17.AnnotationDemo2" name="advancedsearch" time="0.003"/>
</testsuite> <!-- day17.AnnotationDemo2 -->
