<?xml version="1.0" encoding="UTF-8"?>
<!-- Generated by org.testng.reporters.JUnitReportReporter -->
<testsuite hostname="Raju" failures="0" tests="3" name="day18.OrangeHRMlisterns" time="0.076" errors="0" timestamp="2025-08-27T10:50:29 IST" skipped="0">
  <testcase classname="day18.OrangeHRMlisterns" name="testlogo" time="0.053"/>
  <testcase classname="day18.OrangeHRMlisterns" name="testURL" time="0.013"/>
  <testcase classname="day18.OrangeHRMlisterns" name="testTitle" time="0.010"/>
</testsuite> <!-- day18.OrangeHRMlisterns -->
