<?xml version="1.0" encoding="UTF-8"?>
<!-- Generated by org.testng.reporters.JUnitReportReporter -->
<testsuite hostname="Raju" failures="0" tests="2" name="day17.AnnotationDemo1" time="0.073" errors="0" timestamp="2025-08-26T04:49:38 IST" skipped="0">
  <testcase classname="day17.AnnotationDemo1" name="Search" time="0.027"/>
  <testcase classname="day17.AnnotationDemo1" name="advancedsearch" time="0.046"/>
</testsuite> <!-- day17.AnnotationDemo1 -->
