<?xml version="1.0" encoding="UTF-8"?>
<!-- Generated by org.testng.reporters.JUnitReportReporter -->
<testsuite hostname="Raju" failures="0" tests="2" name="day17.PaymentTests" time="0.020" errors="0" timestamp="2025-08-26T07:46:57 IST" skipped="0">
  <testcase classname="day17.PaymentTests" name="paymentinrupees" time="0.018"/>
  <testcase classname="day17.PaymentTests" name="paymentindollors" time="0.002"/>
</testsuite> <!-- day17.PaymentTests -->
