<?xml version="1.0" encoding="UTF-8"?>
<!-- Generated by org.testng.reporters.JUnitReportReporter -->
<testsuite hostname="Raju" failures="0" tests="9" name="day18.ParamTest" time="0.221" errors="0" timestamp="2025-08-27T09:24:41 IST" skipped="0">
  <testcase classname="day18.ParamTest" name="testlogo" time="0.057"/>
  <testcase classname="day18.ParamTest" name="testlogo" time="0.065"/>
  <testcase classname="day18.ParamTest" name="testlogo" time="0.030"/>
  <testcase classname="day18.ParamTest" name="testTitle" time="0.014"/>
  <testcase classname="day18.ParamTest" name="testTitle" time="0.012"/>
  <testcase classname="day18.ParamTest" name="testTitle" time="0.006"/>
  <testcase classname="day18.ParamTest" name="testURL" time="0.013"/>
  <testcase classname="day18.ParamTest" name="testURL" time="0.007"/>
  <testcase classname="day18.ParamTest" name="testURL" time="0.017"/>
</testsuite> <!-- day18.ParamTest -->
