<?xml version="1.0" encoding="UTF-8"?>
<!-- Generated by org.testng.reporters.JUnitReportReporter -->
<testsuite hostname="Raju" failures="0" tests="2" name="day17.AllAnnotations" time="0.026" errors="0" timestamp="2025-08-26T05:44:37 IST" skipped="0">
  <testcase classname="day17.AllAnnotations" name="test1" time="0.019"/>
  <testcase classname="day17.AllAnnotations" name="test2" time="0.007"/>
</testsuite> <!-- day17.AllAnnotations -->
