<?xml version="1.0" encoding="UTF-8"?>
<!-- Generated by org.testng.reporters.JUnitReportReporter -->
<testsuite hostname="Raju" failures="0" tests="3" name="day17.signupTest" time="0.007" errors="0" timestamp="2025-08-26T07:36:41 IST" skipped="0">
  <testcase classname="day17.signupTest" name="singupByemail" time="0.002"/>
  <testcase classname="day17.signupTest" name="singupByfacebook" time="0.004"/>
  <testcase classname="day17.signupTest" name="singupByX" time="0.001"/>
</testsuite> <!-- day17.signupTest -->
