<?xml version="1.0" encoding="UTF-8"?>
<!-- Generated by org.testng.reporters.JUnitReportReporter -->
<testsuite hostname="Raju" failures="0" tests="3" name="day17.FirstTestCase" time="0.022" errors="0" timestamp="2025-08-25T16:20:08 IST" skipped="0">
  <testcase classname="day17.FirstTestCase" name="openapp" time="0.016"/>
  <testcase classname="day17.FirstTestCase" name="login" time="0.003"/>
  <testcase classname="day17.FirstTestCase" name="logout" time="0.003"/>
</testsuite> <!-- day17.FirstTestCase -->
