<?xml version="1.0" encoding="UTF-8"?>
<!-- Generated by org.testng.reporters.JUnitReportReporter -->
<testsuite hostname="Raju" failures="0" tests="3" name="day17.LoginTests" time="0.024" errors="0" timestamp="2025-08-26T07:42:32 IST" skipped="0">
  <testcase classname="day17.LoginTests" name="loginByEmail" time="0.019"/>
  <testcase classname="day17.LoginTests" name="loginByFacebook" time="0.002"/>
  <testcase classname="day17.LoginTests" name="loginByX" time="0.003"/>
</testsuite> <!-- day17.LoginTests -->
