<?xml version="1.0" encoding="UTF-8"?>
<!-- Generated by org.testng.reporters.JUnitReportReporter -->
<testsuite hostname="Raju" failures="0" tests="1" name="day18.LoginTest" time="2.147" errors="0" timestamp="2025-08-27T14:32:17 IST" skipped="0">
  <testcase classname="day18.LoginTest" name="testLogin" time="2.147"/>
</testsuite> <!-- day18.LoginTest -->
